<?xml version="1.0" encoding="UTF-8"?>
<testsuite name="hello.core.beandefinition.BeanDefinitionTest" tests="1" skipped="0" failures="0" errors="0" timestamp="2023-10-26T04:16:46" hostname="DESKTOP-D7CLT4D" time="0.097">
  <properties/>
  <testcase name="빈 설정 메타정보 확인" classname="hello.core.beandefinition.BeanDefinitionTest" time="0.097"/>
  <system-out><![CDATA[call AppConfig.memberService
call AppConfig.memberRepository
call AppConfig.orderService
beanDefinitionName = appConfig beanDefinition + Generic bean: class [hello.core.AppConfig$$SpringCGLIB$$0]; scope=singleton; abstract=false; lazyInit=null; autowireMode=0; dependencyCheck=0; autowireCandidate=true; primary=false; factoryBeanName=null; factoryMethodName=null; initMethodNames=null; destroyMethodNames=null
beanDefinitionName = memberService beanDefinition + Root bean: class [null]; scope=; abstract=false; lazyInit=null; autowireMode=3; dependencyCheck=0; autowireCandidate=true; primary=false; factoryBeanName=appConfig; factoryMethodName=memberService; initMethodNames=null; destroyMethodNames=[(inferred)]; defined in hello.core.AppConfig
beanDefinitionName = orderService beanDefinition + Root bean: class [null]; scope=; abstract=false; lazyInit=null; autowireMode=3; dependencyCheck=0; autowireCandidate=true; primary=false; factoryBeanName=appConfig; factoryMethodName=orderService; initMethodNames=null; destroyMethodNames=[(inferred)]; defined in hello.core.AppConfig
beanDefinitionName = memberRepository beanDefinition + Root bean: class [null]; scope=; abstract=false; lazyInit=null; autowireMode=3; dependencyCheck=0; autowireCandidate=true; primary=false; factoryBeanName=appConfig; factoryMethodName=memberRepository; initMethodNames=null; destroyMethodNames=[(inferred)]; defined in hello.core.AppConfig
beanDefinitionName = discountPolicy beanDefinition + Root bean: class [null]; scope=; abstract=false; lazyInit=null; autowireMode=3; dependencyCheck=0; autowireCandidate=true; primary=false; factoryBeanName=appConfig; factoryMethodName=discountPolicy; initMethodNames=null; destroyMethodNames=[(inferred)]; defined in hello.core.AppConfig
]]></system-out>
  <system-err><![CDATA[]]></system-err>
</testsuite>
